<?xml version="1.0" encoding="UTF-8"?>
<!-- Generated by org.testng.reporters.JUnitReportReporter -->
<testsuite hostname="X1Tab" failures="0" tests="3" name="TestNgAnnotations" time="0.024" errors="0" timestamp="24 Jul 2018 02:56:16 GMT">
  <testcase classname="TestNgAnnotations" name="test1_homepageTitleTest" time="0.008"/>
  <testcase classname="TestNgAnnotations" name="test3_homepageElementTest" time="0.008"/>
  <testcase classname="TestNgAnnotations" name="test2_homepageElementTest" time="0.008"/>
</testsuite> <!-- TestNgAnnotations -->
